Removed Pin From Net: NetName=GND_D Pin=D0-2
Removed Pin From Net: NetName=GND_N Pin=D1-2
Removed Pin From Net: NetName=GND_D Pin=P2-2
Removed Pin From Net: NetName=DROGUE+_T Pin=P2-3
Removed Pin From Net: NetName=GND_D Pin=P2-4
Removed Pin From Net: NetName=GND_M Pin=P4-2
Removed Pin From Net: NetName=MAIN+_T Pin=P4-3
Removed Pin From Net: NetName=MAIN-_T Pin=P4-4
Removed Member From Class: ClassName=2017_Avionics_Integrated_PCB Member=D0
Removed Member From Class: ClassName=2017_Avionics_Integrated_PCB Member=D1
Removed Member From Class: ClassName=2017_Avionics_Integrated_PCB Member=P4
Removed Member From Class: ClassName=2017_Avionics_Integrated_PCB Member=R18
Removed Member From Class: ClassName=2017_Avionics_Integrated_PCB Member=R19
Change Component Footprint: Designator=P2 Old Footprint=MICROFIT 4-PIN HEADER New Footprint=Microfit 2-pin header
Change Component Footprint: Designator=P3 Old Footprint=MICROFIT 4-PIN HEADER New Footprint=Microfit 8-pin header
Change Component Comment : Designator=R2 Old Comment=1% 1/4W 0603 New Comment=1k
Change Component Comment : Designator=R6 Old Comment=1% 1/4W 0603 New Comment=1k
Change Component Comment : Designator=R10 Old Comment=1% 1/4W 0603 New Comment=1k
Change Component Comment : Designator=R4 Old Comment=1% 1/4W 0603 New Comment=100k
Change Component Comment : Designator=R8 Old Comment=1% 1/4W 0603 New Comment=100k
Change Component Comment : Designator=R12 Old Comment=1% 1/4W 0603 New Comment=100k
Change Component Comment : Designator=R1 Old Comment=1% 1/4W 0603 New Comment=100R
Change Component Comment : Designator=R5 Old Comment=1% 1/4W 0603 New Comment=100R
Change Component Comment : Designator=R9 Old Comment=1% 1/4W 0603 New Comment=100R
Change Component Comment : Designator=C1 Old Comment=Cap New Comment=0.1uF
Change Component Comment : Designator=C8 Old Comment=Cap New Comment=0.1uF
Change Component Comment : Designator=C2 Old Comment=Cap New Comment=0.33uF
Change Component Comment : Designator=C7 Old Comment=Cap New Comment=0.33uF
Change Component Comment : Designator=P2 Old Comment=Drogue Ignitor (Teensy) New Comment=Header 2
Change Component Comment : Designator=P3 Old Comment=Nose Cone Ignitor (Teensy) New Comment=Header 8
Added Component: Designator=C3(Yageo CC0603ZRY5V9BB104 (1608))
Added Component: Designator=C5(Yageo CC0603ZRY5V9BB104 (1608))
Added Component: Designator=C6(Yageo CC0603ZRY5V9BB104 (1608))
Added Component: Designator=P5(MICROFIT 4-PIN HEADER)
Added Component: Designator=P6(MICROFIT 4-PIN HEADER)
Added Component: Designator=P7(MICROFIT 4-PIN HEADER)
Added Component: Designator=Q4(Infineon Technologies IPB055N03L G)
Added Component: Designator=R13(Panasonic ERJ-Series (1608))
Added Component: Designator=R14(Panasonic ERJ-Series (1608))
Added Component: Designator=R15(Panasonic ERJ-Series (1608))
Added Component: Designator=R16(Panasonic ERJ-Series (1608))
Added Component: Designator=U11(Linear Technology LTC6994CS6-1#TRMPBF)
Added Component: Designator=U12(STMicroelectronics L7805CDT-TR)
Added Pin To Net: NetName=NetC3_1 Pin=C3-1
Added Pin To Net: NetName=NetC3_2 Pin=C3-2
Added Pin To Net: NetName=GND_C Pin=C5-1
Added Pin To Net: NetName=+7.4V_C Pin=C5-2
Added Pin To Net: NetName=GND_C Pin=C6-1
Added Pin To Net: NetName=NetC3_2 Pin=C6-2
Added Pin To Net: NetName=+7.4V Pin=C7-2
Added Pin To Net: NetName=+7.4V Pin=P2-1
Added Pin To Net: NetName=GND_N Pin=P2-2
Added Pin To Net: NetName=DROGUE+_T Pin=P3-1
Added Pin To Net: NetName=MAIN+_T Pin=P3-5
Added Pin To Net: NetName=MAIN-_T Pin=P3-6
Added Pin To Net: NetName=+7.4V Pin=P3-7
Added Pin To Net: NetName=GND_N Pin=P3-8
Added Pin To Net: NetName=+7.4V_C Pin=P5-1
Added Pin To Net: NetName=GND_C Pin=P5-2
Added Pin To Net: NetName=NOSE+_C Pin=P5-3
Added Pin To Net: NetName=GND_C Pin=P5-4
Added Pin To Net: NetName=DROGUE+_C Pin=P6-1
Added Pin To Net: NetName=DROGUE-_C Pin=P6-2
Added Pin To Net: NetName=MAIN+_C Pin=P6-3
Added Pin To Net: NetName=MAIN-_C Pin=P6-4
Added Pin To Net: NetName=DROGUE+_C Pin=P7-1
Added Pin To Net: NetName=DROGUE-_C Pin=P7-2
Added Pin To Net: NetName=MAIN+_C Pin=P7-3
Added Pin To Net: NetName=MAIN-_C Pin=P7-4
Added Pin To Net: NetName=+7.4V Pin=Q1-1
Added Pin To Net: NetName=+7.4V Pin=Q2-1
Added Pin To Net: NetName=+7.4V_C Pin=Q4-1
Added Pin To Net: NetName=NetQ4_2 Pin=Q4-2
Added Pin To Net: NetName=NOSE+_C Pin=Q4-3
Added Pin To Net: NetName=+7.4V Pin=R2-2
Added Pin To Net: NetName=+7.4V Pin=R6-2
Added Pin To Net: NetName=DROGUE+_C Pin=R13-1
Added Pin To Net: NetName=NetR13_2 Pin=R13-2
Added Pin To Net: NetName=GND_C Pin=R14-1
Added Pin To Net: NetName=NetR14_2 Pin=R14-2
Added Pin To Net: NetName=NetC3_1 Pin=R15-1
Added Pin To Net: NetName=NetC3_2 Pin=R15-2
Added Pin To Net: NetName=GND_C Pin=R16-1
Added Pin To Net: NetName=NetC3_1 Pin=R16-2
Added Pin To Net: NetName=NetR13_2 Pin=U11-1
Added Pin To Net: NetName=GND_C Pin=U11-2
Added Pin To Net: NetName=NetR14_2 Pin=U11-3
Added Pin To Net: NetName=NetC3_1 Pin=U11-4
Added Pin To Net: NetName=NetC3_2 Pin=U11-5
Added Pin To Net: NetName=NetQ4_2 Pin=U11-6
Added Pin To Net: NetName=+7.4V_C Pin=U12-1
Added Pin To Net: NetName=NetC3_2 Pin=U12-2
Added Pin To Net: NetName=GND_C Pin=U12-3
Added Pin To Net: NetName=+7.4V Pin=U13-1
Change Net Name : Old Net Name=GND_N New Net Name=GND_I
Added Member To Class: ClassName=2017_Avionics_Delay_PCB Member=Component C3 Cap
Added Member To Class: ClassName=2017_Avionics_Delay_PCB Member=Component C5 Cap
Added Member To Class: ClassName=2017_Avionics_Delay_PCB Member=Component C6 Cap
Added Member To Class: ClassName=2017_Avionics_Delay_PCB Member=Component P5 Nose Cone Ignitor (COTS)
Added Member To Class: ClassName=2017_Avionics_Delay_PCB Member=Component P6 COTS Input Signals
Added Member To Class: ClassName=2017_Avionics_Delay_PCB Member=Component P7 Drogue & Main Chute Ignitors (COTS)
Added Member To Class: ClassName=2017_Avionics_Delay_PCB Member=Component Q4 IPB055N03L G
Added Member To Class: ClassName=2017_Avionics_Delay_PCB Member=Component R13 
Added Member To Class: ClassName=2017_Avionics_Delay_PCB Member=Component R14 
Added Member To Class: ClassName=2017_Avionics_Delay_PCB Member=Component R15 
Added Member To Class: ClassName=2017_Avionics_Delay_PCB Member=Component R16 
Added Member To Class: ClassName=2017_Avionics_Delay_PCB Member=Component U11 LTC6994CS6-1
Added Member To Class: ClassName=2017_Avionics_Delay_PCB Member=Component U12 L7805CDT-TR
Added Room: Name=2017_Avionics_Delay_PCB
Added Room: Name=2017_Avionics_Integrated_PCB
